<?xml version="1.0" encoding="UTF-8"?>
<!-- Generated by org.testng.reporters.JUnitReportReporter -->
<testsuite hostname="LAP-PF336968" failures="0" tests="1" name="TestScenarios.DemoTest" time="1.241" errors="0" timestamp="2022-05-23T15:57:33 IST" skipped="0">
  <testcase classname="TestScenarios.DemoTest" name="searchOperation" time="1.241"/>
  <system-out/>
</testsuite> <!-- TestScenarios.DemoTest -->
